

times in msec
 clock   self+sourced   self:  sourced script
 clock   elapsed:              other lines

000.013  000.013: --- NVIM STARTING ---
000.666  000.652: locale set
001.364  000.698: inits 1
001.401  000.037: window checked
001.408  000.007: parsing arguments
001.499  000.090: expanding arguments
001.591  000.093: inits 2
002.673  001.082: init highlight
002.677  000.004: waiting for UI
004.374  001.697: done waiting for UI
004.406  000.032: init screen for UI
004.757  000.029  000.029: sourcing /usr/share/nvim/archlinux.vim
004.770  000.088  000.060: sourcing /etc/xdg//nvim/sysinit.vim
017.615  012.803  012.803: sourcing /home/th4tkh13m/.config/nvim/init.lua
017.653  000.356: sourcing vimrc file(s)
031.822  014.092  014.092: sourcing /usr/share/nvim/runtime/filetype.vim
032.309  000.089  000.089: sourcing /usr/share/nvim/runtime/ftplugin.vim
032.779  000.072  000.072: sourcing /usr/share/nvim/runtime/indent.vim
033.954  000.597  000.597: sourcing /usr/share/nvim/runtime/syntax/syncolor.vim
034.500  001.248  000.651: sourcing /usr/share/nvim/runtime/syntax/synload.vim
034.736  001.584  000.336: sourcing /usr/share/nvim/runtime/syntax/syntax.vim
035.788  000.036  000.036: sourcing /usr/share/nvim/runtime/plugin/gzip.vim
035.842  000.023  000.023: sourcing /usr/share/nvim/runtime/plugin/health.vim
036.099  000.232  000.232: sourcing /usr/share/nvim/runtime/plugin/man.vim
036.159  000.030  000.030: sourcing /usr/share/nvim/runtime/plugin/matchit.vim
036.567  000.383  000.383: sourcing /usr/share/nvim/runtime/plugin/matchparen.vim
036.651  000.043  000.043: sourcing /usr/share/nvim/runtime/plugin/netrwPlugin.vim
037.033  000.024  000.024: sourcing /home/th4tkh13m/.local/share/nvim/rplugin.vim
037.050  000.363  000.339: sourcing /usr/share/nvim/runtime/plugin/rplugin.vim
037.349  000.275  000.275: sourcing /usr/share/nvim/runtime/plugin/shada.vim
037.428  000.030  000.030: sourcing /usr/share/nvim/runtime/plugin/spellfile.vim
037.508  000.039  000.039: sourcing /usr/share/nvim/runtime/plugin/tarPlugin.vim
037.564  000.023  000.023: sourcing /usr/share/nvim/runtime/plugin/tohtml.vim
037.645  000.044  000.044: sourcing /usr/share/nvim/runtime/plugin/tutor.vim
037.716  000.039  000.039: sourcing /usr/share/nvim/runtime/plugin/zipPlugin.vim
039.887  002.012  002.012: sourcing /home/th4tkh13m/.config/nvim/plugin/packer_compiled.lua
040.275  003.214: loading plugins
040.784  000.263  000.263: sourcing /home/th4tkh13m/.local/share/nvim/site/pack/packer/start/nvim-lsp-installer/plugin/nvim-lsp-installer.vim
041.129  000.081  000.081: sourcing /home/th4tkh13m/.local/share/nvim/site/pack/packer/start/plenary.nvim/plugin/plenary.vim
041.496  000.876: loading packages
041.832  000.335: loading after plugins
041.860  000.028: inits 3
044.611  002.751: reading ShaDa
045.208  000.597: opening buffers
045.249  000.040: BufEnter autocommands
045.255  000.007: editing files in windows
049.524  000.396  000.396: sourcing /usr/share/nvim/runtime/syntax/syncolor.vim
050.907  000.318  000.318: sourcing /usr/share/nvim/runtime/syntax/syncolor.vim
051.836  000.313  000.313: sourcing /usr/share/nvim/runtime/syntax/syncolor.vim
059.266  012.983: VimEnter autocommands
059.276  000.010: UIEnter autocommands
059.918  000.498  000.498: sourcing /usr/share/nvim/runtime/autoload/provider/clipboard.vim
059.935  000.161: before starting main loop
084.276  024.342: first screen update
084.287  000.011: --- NVIM STARTED ---
